app/build/outputs/logs/manifest-merger-debug-report.txt
-- Merging decision tree log ---
manifest
ADDED from src\main\AndroidManifest.xml:2:1-59:12
	package
		ADDED from src\main\AndroidManifest.xml:3:5-33
		INJECTED from src\main\AndroidManifest.xml
		INJECTED from src\main\AndroidManifest.xml
	android:versionName
		ADDED from src\main\AndroidManifest.xml:5:5-32
		INJECTED from src\main\AndroidManifest.xml
		INJECTED from src\main\AndroidManifest.xml
	android:versionCode
		ADDED from src\main\AndroidManifest.xml:4:5-30
		INJECTED from src\main\AndroidManifest.xml
		INJECTED from src\main\AndroidManifest.xml
	xmlns:android
		ADDED from src\main\AndroidManifest.xml:2:11-69
uses-sdk
ADDED from src\main\AndroidManifest.xml:7:5-9:41
MERGED from [com.actionbarsherlock:actionbarsherlock:4.4.0] AndroidManifest.xml:3:3-70
MERGED from [ly.count.android:sdk:16.06.03] AndroidManifest.xml:7:5-9:41
	android:targetSdkVersion
		ADDED from src\main\AndroidManifest.xml:9:9-38
		INJECTED from src\main\AndroidManifest.xml
		INJECTED from src\main\AndroidManifest.xml
	android:minSdkVersion
		ADDED from src\main\AndroidManifest.xml:8:9-34
		INJECTED from src\main\AndroidManifest.xml
		INJECTED from src\main\AndroidManifest.xml
uses-permission#android.permission.INTERNET
ADDED from src\main\AndroidManifest.xml:12:5-67
MERGED from [ly.count.android:sdk:16.06.03] AndroidManifest.xml:11:5-67
	android:name
		ADDED from src\main\AndroidManifest.xml:12:22-64
uses-permission#android.permission.ACCESS_NETWORK_STATE
ADDED from src\main\AndroidManifest.xml:13:5-79
	android:name
		ADDED from src\main\AndroidManifest.xml:13:22-76
uses-permission#android.permission.SYSTEM_ALERT_WINDOW
ADDED from src\main\AndroidManifest.xml:15:5-78
	android:name
		ADDED from src\main\AndroidManifest.xml:15:22-75
uses-permission#android.permission.GET_TASKS
ADDED from src\main\AndroidManifest.xml:16:5-68
	android:name
		ADDED from src\main\AndroidManifest.xml:16:22-65
application
ADDED from src\main\AndroidManifest.xml:19:5-57:19
MERGED from [com.actionbarsherlock:actionbarsherlock:4.4.0] AndroidManifest.xml:4:3-17
MERGED from [ly.count.android:sdk:16.06.03] AndroidManifest.xml:13:5-15:19
	android:label
		ADDED from src\main\AndroidManifest.xml:23:9-41
	android:allowBackup
		ADDED from src\main\AndroidManifest.xml:21:9-35
	android:icon
		ADDED from src\main\AndroidManifest.xml:22:9-38
	android:theme
		ADDED from src\main\AndroidManifest.xml:24:9-40
	android:name
		ADDED from src\main\AndroidManifest.xml:20:9-51
activity#com.td.truyenbuavd.MainActivity
ADDED from src\main\AndroidManifest.xml:25:9-34:20
	android:label
		ADDED from src\main\AndroidManifest.xml:28:13-45
	android:configChanges
		ADDED from src\main\AndroidManifest.xml:27:13-74
	android:name
		ADDED from src\main\AndroidManifest.xml:26:13-59
intent-filter#android.intent.action.MAIN+android.intent.category.LAUNCHER
ADDED from src\main\AndroidManifest.xml:29:13-33:29
action#android.intent.action.MAIN
ADDED from src\main\AndroidManifest.xml:30:17-69
	android:name
		ADDED from src\main\AndroidManifest.xml:30:25-66
category#android.intent.category.LAUNCHER
ADDED from src\main\AndroidManifest.xml:32:17-77
	android:name
		ADDED from src\main\AndroidManifest.xml:32:27-74
service#org.openudid.OpenUDID_service
ADDED from src\main\AndroidManifest.xml:36:9-40:19
	android:name
		ADDED from src\main\AndroidManifest.xml:36:18-62
intent-filter#org.openudid.GETUDID
ADDED from src\main\AndroidManifest.xml:37:13-39:29
action#org.openudid.GETUDID
ADDED from src\main\AndroidManifest.xml:38:17-63
	android:name
		ADDED from src\main\AndroidManifest.xml:38:25-60
receiver#ly.count.android.sdk.ReferrerReceiver
ADDED from src\main\AndroidManifest.xml:41:9-45:20
	android:exported
		ADDED from src\main\AndroidManifest.xml:41:72-95
	android:name
		ADDED from src\main\AndroidManifest.xml:41:19-71
intent-filter#com.android.vending.INSTALL_REFERRER
ADDED from src\main\AndroidManifest.xml:42:13-44:29
action#com.android.vending.INSTALL_REFERRER
ADDED from src\main\AndroidManifest.xml:43:17-79
	android:name
		ADDED from src\main\AndroidManifest.xml:43:25-76
activity#com.startapp.android.publish.list3d.List3DActivity
ADDED from src\main\AndroidManifest.xml:47:9-50:52
	android:theme
		ADDED from src\main\AndroidManifest.xml:50:13-49
	android:taskAffinity
		ADDED from src\main\AndroidManifest.xml:49:13-85
	android:name
		ADDED from src\main\AndroidManifest.xml:48:13-78
activity#com.startapp.android.publish.AppWallActivity
ADDED from src\main\AndroidManifest.xml:51:9-55:64
	android:configChanges
		ADDED from src\main\AndroidManifest.xml:53:13-63
	android:theme
		ADDED from src\main\AndroidManifest.xml:55:13-61
	android:taskAffinity
		ADDED from src\main\AndroidManifest.xml:54:13-85
	android:name
		ADDED from src\main\AndroidManifest.xml:52:13-72
uses-library#android.test.runner
ADDED from [ly.count.android:sdk:16.06.03] AndroidManifest.xml:14:9-60
	android:name
		ADDED from [ly.count.android:sdk:16.06.03] AndroidManifest.xml:14:23-57